<?xml version="1.0" encoding="UTF-8"?>
<testsuite xmlns:xsi="http://www.w3.org/2001/XMLSchema-instance" xsi:noNamespaceSchemaLocation="https://maven.apache.org/surefire/maven-surefire-plugin/xsd/surefire-test-report-3.0.xsd" version="3.0" name="TestLogin" time="0.052" tests="8" errors="0" skipped="0" failures="0">
  <properties>
    <property name="java.specification.version" value="21"/>
    <property name="sun.cpu.isalist" value="amd64"/>
    <property name="sun.jnu.encoding" value="Cp1252"/>
    <property name="java.class.path" value="C:\Users\tommy\Desktop\labs\labs\qa-labs\lab11\target\test-classes;C:\Users\tommy\Desktop\labs\labs\qa-labs\lab11\target\classes;C:\Users\tommy\.m2\repository\junit\junit\4.13.2\junit-4.13.2.jar;C:\Users\tommy\.m2\repository\org\hamcrest\hamcrest-core\1.3\hamcrest-core-1.3.jar;"/>
    <property name="java.vm.vendor" value="Eclipse Adoptium"/>
    <property name="sun.arch.data.model" value="64"/>
    <property name="user.variant" value=""/>
    <property name="java.vendor.url" value="https://adoptium.net/"/>
    <property name="user.timezone" value="Europe/London"/>
    <property name="os.name" value="Windows 10"/>
    <property name="java.vm.specification.version" value="21"/>
    <property name="sun.java.launcher" value="SUN_STANDARD"/>
    <property name="user.country" value="GB"/>
    <property name="sun.boot.library.path" value="C:\Program Files\Eclipse Adoptium\jdk-21.0.6.7-hotspot\bin"/>
    <property name="sun.java.command" value="C:\Users\tommy\AppData\Local\Temp\surefire12044230589578610643\surefirebooter-20250813123131148_3.jar C:\Users\tommy\AppData\Local\Temp\surefire12044230589578610643 2025-08-13T12-31-31_049-jvmRun1 surefire-20250813123131148_1tmp surefire_0-20250813123131148_2tmp"/>
    <property name="jdk.debug" value="release"/>
    <property name="surefire.test.class.path" value="C:\Users\tommy\Desktop\labs\labs\qa-labs\lab11\target\test-classes;C:\Users\tommy\Desktop\labs\labs\qa-labs\lab11\target\classes;C:\Users\tommy\.m2\repository\junit\junit\4.13.2\junit-4.13.2.jar;C:\Users\tommy\.m2\repository\org\hamcrest\hamcrest-core\1.3\hamcrest-core-1.3.jar;"/>
    <property name="sun.cpu.endian" value="little"/>
    <property name="user.home" value="C:\Users\tommy"/>
    <property name="user.language" value="en"/>
    <property name="java.specification.vendor" value="Oracle Corporation"/>
    <property name="java.version.date" value="2025-01-21"/>
    <property name="java.home" value="C:\Program Files\Eclipse Adoptium\jdk-21.0.6.7-hotspot"/>
    <property name="file.separator" value="\"/>
    <property name="basedir" value="C:\Users\tommy\Desktop\labs\labs\qa-labs\lab11"/>
    <property name="java.vm.compressedOopsMode" value="Zero based"/>
    <property name="line.separator" value="&#10;"/>
    <property name="java.vm.specification.vendor" value="Oracle Corporation"/>
    <property name="java.specification.name" value="Java Platform API Specification"/>
    <property name="surefire.real.class.path" value="C:\Users\tommy\AppData\Local\Temp\surefire12044230589578610643\surefirebooter-20250813123131148_3.jar"/>
    <property name="user.script" value=""/>
    <property name="sun.management.compiler" value="HotSpot 64-Bit Tiered Compilers"/>
    <property name="java.runtime.version" value="21.0.6+7-LTS"/>
    <property name="user.name" value="tommy"/>
    <property name="stdout.encoding" value="Cp1252"/>
    <property name="path.separator" value=";"/>
    <property name="os.version" value="10.0"/>
    <property name="java.runtime.name" value="OpenJDK Runtime Environment"/>
    <property name="file.encoding" value="UTF-8"/>
    <property name="java.vm.name" value="OpenJDK 64-Bit Server VM"/>
    <property name="java.vendor.version" value="Temurin-21.0.6+7"/>
    <property name="localRepository" value="C:\Users\tommy\.m2\repository"/>
    <property name="java.vendor.url.bug" value="https://github.com/adoptium/adoptium-support/issues"/>
    <property name="java.io.tmpdir" value="C:\Users\tommy\AppData\Local\Temp\"/>
    <property name="java.version" value="21.0.6"/>
    <property name="user.dir" value="C:\Users\tommy\Desktop\labs\labs\qa-labs\lab11"/>
    <property name="os.arch" value="amd64"/>
    <property name="java.vm.specification.name" value="Java Virtual Machine Specification"/>
    <property name="sun.os.patch.level" value=""/>
    <property name="native.encoding" value="Cp1252"/>
    <property name="java.library.path" value="C:\Program Files\Eclipse Adoptium\jdk-21.0.6.7-hotspot\bin;C:\WINDOWS\Sun\Java\bin;C:\WINDOWS\system32;C:\WINDOWS;C:\Program Files\Eclipse Adoptium\jdk-21.0.6.7-hotspot\bin;C:\Python312\Scripts\;C:\Python312\;C:\Program Files (x86)\Razer\ChromaBroadcast\bin;C:\Program Files\Razer\ChromaBroadcast\bin;C:\Program Files (x86)\Common Files\Oracle\Java\javapath;C:\Program Files (x86)\Razer Chroma SDK\bin;C:\Program Files\Razer Chroma SDK\bin;C:\windows\system32;C:\windows;C:\windows\System32\Wbem;C:\windows\System32\WindowsPowerShell\v1.0\;C:\Program Files (x86)\NVIDIA Corporation\PhysX\Common;C:\Users\tommy\AppData\Local\Microsoft\WindowsApps;C:\WINDOWS\system32;C:\WINDOWS;C:\WINDOWS\System32\Wbem;C:\WINDOWS\System32\WindowsPowerShell\v1.0\;C:\WINDOWS\System32\OpenSSH\;C:\Program Files\dotnet\;C:\Program Files\Microsoft SQL Server\130\Tools\Binn\;C:\Users\tommy\.dotnet\tools;C:\WINDOWS\system32;C:\WINDOWS;C:\WINDOWS\System32\Wbem;C:\WINDOWS\System32\WindowsPowerShell\v1.0\;C:\WINDOWS\System32\OpenSSH\;C:\Program Files\PuTTY\;C:\ffmpeg\bin;C:\ProgramData\chocolatey\bin;C:\Program Files\PostgreSQL\17\lib;C:\Program Files\PostgreSQL\17\bin;C:\Program Files\Git\cmd;C:\Users\tommy\Desktop\flutter\bin;C:\Program Files\NVIDIA Corporation\NVIDIA App\NvDLISR;C:\Program Files\nodejs\;C:\Users\tommy\AppData\Local\Android\Sdk\platform-tools;C:\Users\tommy\AppData\Local\Android\Sdk\cmdline-tools\latest\bin;C:\Users\tommy\AppData\Local\Android\Sdk\tools;C:\Users\tommy\AppData\Local\Android\Sdk\tools\bin;C:\Program Files\Apache\maven\bin;C:\Users\tommy\AppData\Local\Microsoft\WindowsApps;C:\Users\tommy\AppData\Local\Programs\Microsoft VS Code\bin;C:\Users\tommy\.dotnet\tools;C:\Users\tommy\AppData\Local\Microsoft\WindowsApps;C:\Users\tommy\AppData\Local\Programs\IPFS Desktop\resources\app.asar.unpacked\src\ipfs-on-path\scripts\bin-win;C:\Users\tommy\.dotnet\tools;C:\Users\tommy\Desktop\flutter\bin;C:\Users\tommy\AppData\Local\Programs\cursor\resources\app\bin;C:\Users\tommy\AppData\Roaming\npm;c:\Users\tommy\AppData\Roaming\Code\User\globalStorage\github.copilot-chat\debugCommand;."/>
    <property name="java.vm.info" value="mixed mode, sharing"/>
    <property name="stderr.encoding" value="Cp1252"/>
    <property name="java.vendor" value="Eclipse Adoptium"/>
    <property name="java.vm.version" value="21.0.6+7-LTS"/>
    <property name="sun.io.unicode.encoding" value="UnicodeLittle"/>
    <property name="java.class.version" value="65.0"/>
  </properties>
  <testcase name="testLoginEmptyUserId" classname="TestLogin" time="0.004"/>
  <testcase name="testLoginEmptyUserIdAndPassword" classname="TestLogin" time="0.0"/>
  <testcase name="testLoginWithUserIdAndValidPassword" classname="TestLogin" time="0.0"/>
  <testcase name="testLoginWithUserIdAndShortPassword" classname="TestLogin" time="0.0"/>
  <testcase name="testLoginEmptyPassword" classname="TestLogin" time="0.0"/>
  <testcase name="testLoginWhitespacePassword" classname="TestLogin" time="0.0"/>
  <testcase name="testLoginWhitespaceUserId" classname="TestLogin" time="0.0"/>
  <testcase name="testLoginWithUserIdAndLowerCasePass" classname="TestLogin" time="0.001"/>
</testsuite>